2016-08-09 19:16:39,964 12494 140244326274816   CRITICAL ******** tau4 Sample App has started. ********
2016-08-09 19:16:39,964 12494 140244326274816       INFO Program has started with these args: '['/home/fgeiger/D.X/Projects/tau4/src/py3/src/tau4wx/main.py']'. 
2016-08-09 19:17:17,496 12500 139666125317888   CRITICAL ******** tau4 Sample App has started. ********
2016-08-09 19:17:17,497 12500 139666125317888       INFO Program has started with these args: '['/home/fgeiger/D.X/Projects/tau4/src/py3/src/tau4wx/main.py']'. 
2016-08-09 19:17:17,537 12500 139666125317888      DEBUG Connecting to gpsd socket at 127.0.0.1:2947
2016-08-09 19:17:17,538 12500 139666125317888      DEBUG Waiting for welcome message
2016-08-09 19:17:17,538 12500 139666125317888      DEBUG Enabling gps
2016-08-09 19:17:17,539 12500 139665806432000      DEBUG Polling gps
2016-08-09 19:17:18,540 12500 139665806432000      DEBUG Polling gps
2016-08-09 19:17:19,541 12500 139665806432000      DEBUG Polling gps
2016-08-09 19:17:20,542 12500 139665806432000      DEBUG Polling gps
2016-08-09 19:17:21,543 12500 139665806432000      DEBUG Polling gps
2016-08-09 19:17:22,544 12500 139665806432000      DEBUG Polling gps
2016-08-09 19:17:23,545 12500 139665806432000      DEBUG Polling gps
2016-08-09 19:17:24,547 12500 139665806432000      DEBUG Polling gps
2016-08-09 19:17:25,548 12500 139665806432000      DEBUG Polling gps
2016-08-09 19:17:26,549 12500 139665806432000      DEBUG Polling gps
2016-08-09 19:17:27,550 12500 139665806432000      DEBUG Polling gps
2016-08-09 19:17:28,551 12500 139665806432000      DEBUG Polling gps
2016-08-09 19:17:29,552 12500 139665806432000      DEBUG Polling gps
2016-08-09 19:17:30,553 12500 139665806432000      DEBUG Polling gps
2016-08-09 19:17:31,554 12500 139665806432000      DEBUG Polling gps
2016-08-09 19:17:32,555 12500 139665806432000      DEBUG Polling gps
2016-08-09 19:22:45,621 12528 140261893293824   CRITICAL ******** tau4 Sample App has started. ********
2016-08-09 19:22:45,621 12528 140261893293824       INFO Program has started with these args: '['/home/fgeiger/D.X/Projects/tau4/src/py3/src/tau4wx/main.py']'. 
2016-08-09 19:22:45,684 12528 140261893293824      DEBUG Connecting to gpsd socket at 127.0.0.1:2947
2016-08-09 19:22:45,685 12528 140261893293824      DEBUG Waiting for welcome message
2016-08-09 19:22:45,685 12528 140261893293824      DEBUG Enabling gps
2016-08-09 19:22:45,687 12528 140261574407936      DEBUG Polling gps
2016-08-09 19:22:46,688 12528 140261574407936      DEBUG Polling gps
2016-08-09 19:22:47,689 12528 140261574407936      DEBUG Polling gps
2016-08-09 19:22:48,690 12528 140261574407936      DEBUG Polling gps
2016-08-09 19:22:49,690 12528 140261574407936      DEBUG Polling gps
2016-08-09 19:22:50,691 12528 140261574407936      DEBUG Polling gps
2016-08-09 19:22:51,692 12528 140261574407936      DEBUG Polling gps
2016-08-09 19:22:52,693 12528 140261574407936      DEBUG Polling gps
2016-08-09 19:22:53,694 12528 140261574407936      DEBUG Polling gps
2016-08-09 19:22:54,695 12528 140261574407936      DEBUG Polling gps
2016-08-09 19:22:55,696 12528 140261574407936      DEBUG Polling gps
2016-08-09 19:22:56,697 12528 140261574407936      DEBUG Polling gps
2016-08-09 19:22:57,698 12528 140261574407936      DEBUG Polling gps
2016-08-09 19:22:58,699 12528 140261574407936      DEBUG Polling gps
2016-08-09 19:22:59,701 12528 140261574407936      DEBUG Polling gps
2016-08-09 19:23:00,701 12528 140261574407936      DEBUG Polling gps
2016-08-09 19:23:01,702 12528 140261574407936      DEBUG Polling gps
2016-08-09 19:23:02,703 12528 140261574407936      DEBUG Polling gps
2016-08-09 19:23:03,704 12528 140261574407936      DEBUG Polling gps
2016-08-09 19:23:04,705 12528 140261574407936      DEBUG Polling gps
2016-08-09 19:23:05,706 12528 140261574407936      DEBUG Polling gps
2016-08-09 19:23:06,707 12528 140261574407936      DEBUG Polling gps
2016-08-09 19:23:07,708 12528 140261574407936      DEBUG Polling gps
2016-08-09 19:23:08,710 12528 140261574407936      DEBUG Polling gps
2016-08-09 19:23:09,711 12528 140261574407936      DEBUG Polling gps
2016-08-09 19:23:10,712 12528 140261574407936      DEBUG Polling gps
2016-08-09 19:23:11,713 12528 140261574407936      DEBUG Polling gps
2016-08-09 19:23:12,714 12528 140261574407936      DEBUG Polling gps
2016-08-09 19:23:13,715 12528 140261574407936      DEBUG Polling gps
2016-08-09 19:23:14,716 12528 140261574407936      DEBUG Polling gps
2016-08-09 19:23:15,716 12528 140261574407936      DEBUG Polling gps
2016-08-09 19:23:16,717 12528 140261574407936      DEBUG Polling gps
2016-08-09 19:23:17,718 12528 140261574407936      DEBUG Polling gps
2016-08-09 19:23:18,719 12528 140261574407936      DEBUG Polling gps
2016-08-09 19:23:19,721 12528 140261574407936      DEBUG Polling gps
2016-08-09 19:23:20,722 12528 140261574407936      DEBUG Polling gps
2016-08-09 19:23:21,722 12528 140261574407936      DEBUG Polling gps
2016-08-09 19:23:22,723 12528 140261574407936      DEBUG Polling gps
2016-08-09 19:23:23,724 12528 140261574407936      DEBUG Polling gps
2016-08-09 19:23:24,725 12528 140261574407936      DEBUG Polling gps
2016-08-09 19:23:25,727 12528 140261574407936      DEBUG Polling gps
2016-08-09 19:23:26,727 12528 140261574407936      DEBUG Polling gps
2016-08-09 19:23:27,728 12528 140261574407936      DEBUG Polling gps
2016-08-09 19:23:28,729 12528 140261574407936      DEBUG Polling gps
2016-08-09 19:23:29,730 12528 140261574407936      DEBUG Polling gps
2016-08-09 19:23:30,731 12528 140261574407936      DEBUG Polling gps
2016-08-09 19:23:31,732 12528 140261574407936      DEBUG Polling gps
2016-08-09 19:23:32,733 12528 140261574407936      DEBUG Polling gps
2016-08-09 19:23:33,734 12528 140261574407936      DEBUG Polling gps
2016-08-09 19:23:34,735 12528 140261574407936      DEBUG Polling gps
2016-08-09 19:23:35,736 12528 140261574407936      DEBUG Polling gps
2016-08-09 19:23:36,737 12528 140261574407936      DEBUG Polling gps
2016-08-09 19:23:37,738 12528 140261574407936      DEBUG Polling gps
2016-08-09 19:23:38,739 12528 140261574407936      DEBUG Polling gps
2016-08-09 19:23:39,740 12528 140261574407936      DEBUG Polling gps
2016-08-09 19:23:40,741 12528 140261574407936      DEBUG Polling gps
2016-08-09 19:23:41,742 12528 140261574407936      DEBUG Polling gps
2016-08-09 19:23:42,743 12528 140261574407936      DEBUG Polling gps
2016-08-09 19:23:43,744 12528 140261574407936      DEBUG Polling gps
2016-08-09 19:23:44,745 12528 140261574407936      DEBUG Polling gps
2016-08-09 19:23:45,746 12528 140261574407936      DEBUG Polling gps
2016-08-09 19:23:46,747 12528 140261574407936      DEBUG Polling gps
2016-08-09 19:23:47,748 12528 140261574407936      DEBUG Polling gps
2016-08-09 19:23:48,750 12528 140261574407936      DEBUG Polling gps
2016-08-09 19:23:49,750 12528 140261574407936      DEBUG Polling gps
2016-08-09 19:23:50,751 12528 140261574407936      DEBUG Polling gps
2016-08-09 19:23:51,752 12528 140261574407936      DEBUG Polling gps
2016-08-09 19:23:52,753 12528 140261574407936      DEBUG Polling gps
2016-08-09 19:23:53,754 12528 140261574407936      DEBUG Polling gps
2016-08-09 19:23:54,755 12528 140261574407936      DEBUG Polling gps
2016-08-09 19:23:55,756 12528 140261574407936      DEBUG Polling gps
2016-08-09 19:23:56,756 12528 140261574407936      DEBUG Polling gps
2016-08-09 19:23:57,757 12528 140261574407936      DEBUG Polling gps
2016-08-09 19:23:58,759 12528 140261574407936      DEBUG Polling gps
2016-08-09 19:23:59,760 12528 140261574407936      DEBUG Polling gps
2016-08-09 19:24:00,761 12528 140261574407936      DEBUG Polling gps
2016-08-09 19:24:01,762 12528 140261574407936      DEBUG Polling gps
2016-08-09 19:24:02,763 12528 140261574407936      DEBUG Polling gps
2016-08-09 19:24:03,764 12528 140261574407936      DEBUG Polling gps
2016-08-09 19:24:04,764 12528 140261574407936      DEBUG Polling gps
2016-08-09 19:24:05,765 12528 140261574407936      DEBUG Polling gps
2016-08-09 19:24:06,766 12528 140261574407936      DEBUG Polling gps
2016-08-09 19:24:07,767 12528 140261574407936      DEBUG Polling gps
2016-08-09 19:24:08,768 12528 140261574407936      DEBUG Polling gps
2016-08-09 19:24:09,769 12528 140261574407936      DEBUG Polling gps
2016-08-09 19:24:10,770 12528 140261574407936      DEBUG Polling gps
2016-08-09 19:24:11,771 12528 140261574407936      DEBUG Polling gps
2016-08-09 19:24:12,773 12528 140261574407936      DEBUG Polling gps
2016-08-09 19:24:13,773 12528 140261574407936      DEBUG Polling gps
2016-08-09 19:24:14,775 12528 140261574407936      DEBUG Polling gps
2016-08-09 19:24:15,776 12528 140261574407936      DEBUG Polling gps
2016-08-09 19:24:16,777 12528 140261574407936      DEBUG Polling gps
2016-08-09 19:24:17,777 12528 140261574407936      DEBUG Polling gps
2016-08-09 19:24:18,778 12528 140261574407936      DEBUG Polling gps
2016-08-09 19:24:19,780 12528 140261574407936      DEBUG Polling gps
2016-08-09 19:24:20,781 12528 140261574407936      DEBUG Polling gps
2016-08-09 19:24:21,782 12528 140261574407936      DEBUG Polling gps
2016-08-09 19:24:22,783 12528 140261574407936      DEBUG Polling gps
2016-08-09 19:24:23,784 12528 140261574407936      DEBUG Polling gps
2016-08-09 19:24:24,785 12528 140261574407936      DEBUG Polling gps
2016-08-09 19:24:25,785 12528 140261574407936      DEBUG Polling gps
2016-08-09 19:24:26,786 12528 140261574407936      DEBUG Polling gps
2016-08-09 19:24:27,787 12528 140261574407936      DEBUG Polling gps
2016-08-09 19:24:28,788 12528 140261574407936      DEBUG Polling gps
2016-08-09 19:24:29,789 12528 140261574407936      DEBUG Polling gps
2016-08-09 19:24:30,790 12528 140261574407936      DEBUG Polling gps
2016-08-09 19:24:31,791 12528 140261574407936      DEBUG Polling gps
2016-08-09 19:24:32,792 12528 140261574407936      DEBUG Polling gps
2016-08-09 19:24:33,793 12528 140261574407936      DEBUG Polling gps
2016-08-09 19:24:34,794 12528 140261574407936      DEBUG Polling gps
2016-08-09 19:24:35,795 12528 140261574407936      DEBUG Polling gps
2016-08-09 19:24:36,796 12528 140261574407936      DEBUG Polling gps
2016-08-09 19:24:37,797 12528 140261574407936      DEBUG Polling gps
2016-08-09 19:24:38,798 12528 140261574407936      DEBUG Polling gps
2016-08-09 19:24:39,799 12528 140261574407936      DEBUG Polling gps
2016-08-09 19:24:40,800 12528 140261574407936      DEBUG Polling gps
2016-08-09 19:24:41,801 12528 140261574407936      DEBUG Polling gps
2016-08-09 19:24:42,802 12528 140261574407936      DEBUG Polling gps
2016-08-09 19:24:43,803 12528 140261574407936      DEBUG Polling gps
2016-08-09 19:24:44,804 12528 140261574407936      DEBUG Polling gps
2016-08-09 19:24:45,806 12528 140261574407936      DEBUG Polling gps
2016-08-09 19:24:46,806 12528 140261574407936      DEBUG Polling gps
2016-08-09 19:24:47,807 12528 140261574407936      DEBUG Polling gps
2016-08-09 19:24:48,808 12528 140261574407936      DEBUG Polling gps
2016-08-09 19:24:49,810 12528 140261574407936      DEBUG Polling gps
2016-08-09 19:24:50,811 12528 140261574407936      DEBUG Polling gps
2016-08-09 19:24:51,812 12528 140261574407936      DEBUG Polling gps
2016-08-09 19:24:52,813 12528 140261574407936      DEBUG Polling gps
2016-08-09 19:24:53,814 12528 140261574407936      DEBUG Polling gps
2016-08-09 19:24:54,815 12528 140261574407936      DEBUG Polling gps
2016-08-09 19:24:55,816 12528 140261574407936      DEBUG Polling gps
2016-08-09 19:24:56,817 12528 140261574407936      DEBUG Polling gps
2016-08-09 19:24:57,818 12528 140261574407936      DEBUG Polling gps
2016-08-09 19:24:58,819 12528 140261574407936      DEBUG Polling gps
2016-08-09 19:24:59,820 12528 140261574407936      DEBUG Polling gps
2016-08-09 19:25:00,821 12528 140261574407936      DEBUG Polling gps
2016-08-09 19:25:01,822 12528 140261574407936      DEBUG Polling gps
2016-08-09 19:25:02,823 12528 140261574407936      DEBUG Polling gps
2016-08-09 19:25:03,824 12528 140261574407936      DEBUG Polling gps
2016-08-09 19:25:04,825 12528 140261574407936      DEBUG Polling gps
2016-08-09 19:25:05,826 12528 140261574407936      DEBUG Polling gps
2016-08-09 19:25:06,827 12528 140261574407936      DEBUG Polling gps
2016-08-09 19:25:07,828 12528 140261574407936      DEBUG Polling gps
2016-08-09 19:25:08,829 12528 140261574407936      DEBUG Polling gps
2016-08-09 19:25:09,830 12528 140261574407936      DEBUG Polling gps
2016-08-09 19:25:10,831 12528 140261574407936      DEBUG Polling gps
2016-08-09 19:25:11,832 12528 140261574407936      DEBUG Polling gps
2016-08-09 19:25:12,833 12528 140261574407936      DEBUG Polling gps
2016-08-09 19:25:13,834 12528 140261574407936      DEBUG Polling gps
2016-08-09 19:25:14,835 12528 140261574407936      DEBUG Polling gps
2016-08-09 19:25:15,836 12528 140261574407936      DEBUG Polling gps
2016-08-09 19:25:16,836 12528 140261574407936      DEBUG Polling gps
2016-08-09 19:25:17,837 12528 140261574407936      DEBUG Polling gps
2016-08-09 19:25:18,838 12528 140261574407936      DEBUG Polling gps
2016-08-09 19:25:19,839 12528 140261574407936      DEBUG Polling gps
2016-08-09 19:25:20,840 12528 140261574407936      DEBUG Polling gps
2016-08-09 19:25:21,841 12528 140261574407936      DEBUG Polling gps
2016-08-09 19:25:22,842 12528 140261574407936      DEBUG Polling gps
2016-08-09 19:25:23,843 12528 140261574407936      DEBUG Polling gps
2016-08-09 19:25:24,844 12528 140261574407936      DEBUG Polling gps
2016-08-09 19:25:25,845 12528 140261574407936      DEBUG Polling gps
2016-08-09 19:25:26,846 12528 140261574407936      DEBUG Polling gps
2016-08-09 19:25:27,847 12528 140261574407936      DEBUG Polling gps
2016-08-09 19:25:28,848 12528 140261574407936      DEBUG Polling gps
2016-08-09 19:25:29,849 12528 140261574407936      DEBUG Polling gps
2016-08-09 19:25:30,851 12528 140261574407936      DEBUG Polling gps
2016-08-09 19:25:31,852 12528 140261574407936      DEBUG Polling gps
2016-08-09 19:25:32,853 12528 140261574407936      DEBUG Polling gps
2016-08-09 19:25:33,854 12528 140261574407936      DEBUG Polling gps
2016-08-09 19:25:34,855 12528 140261574407936      DEBUG Polling gps
2016-08-09 19:25:35,856 12528 140261574407936      DEBUG Polling gps
2016-08-09 19:25:36,857 12528 140261574407936      DEBUG Polling gps
2016-08-09 19:25:37,858 12528 140261574407936      DEBUG Polling gps
2016-08-09 19:25:38,859 12528 140261574407936      DEBUG Polling gps
2016-08-09 19:25:39,860 12528 140261574407936      DEBUG Polling gps
2016-08-09 19:25:40,862 12528 140261574407936      DEBUG Polling gps
2016-08-09 19:25:41,863 12528 140261574407936      DEBUG Polling gps
2016-08-09 19:25:42,864 12528 140261574407936      DEBUG Polling gps
2016-08-09 19:25:43,865 12528 140261574407936      DEBUG Polling gps
2016-08-09 19:25:44,866 12528 140261574407936      DEBUG Polling gps
2016-08-09 19:25:45,866 12528 140261574407936      DEBUG Polling gps
2016-08-09 19:25:46,867 12528 140261574407936      DEBUG Polling gps
2016-08-09 19:25:47,868 12528 140261574407936      DEBUG Polling gps
2016-08-09 19:25:48,869 12528 140261574407936      DEBUG Polling gps
2016-08-09 19:25:49,870 12528 140261574407936      DEBUG Polling gps
2016-08-09 19:25:50,871 12528 140261574407936      DEBUG Polling gps
2016-08-09 19:25:51,872 12528 140261574407936      DEBUG Polling gps
2016-08-09 19:25:52,873 12528 140261574407936      DEBUG Polling gps
2016-08-09 19:25:53,874 12528 140261574407936      DEBUG Polling gps
2016-08-09 19:25:54,875 12528 140261574407936      DEBUG Polling gps
2016-08-09 19:25:55,876 12528 140261574407936      DEBUG Polling gps
2016-08-09 19:25:56,877 12528 140261574407936      DEBUG Polling gps
2016-08-09 19:25:57,878 12528 140261574407936      DEBUG Polling gps
2016-08-09 19:25:58,879 12528 140261574407936      DEBUG Polling gps
2016-08-09 19:25:59,880 12528 140261574407936      DEBUG Polling gps
2016-08-09 19:26:00,881 12528 140261574407936      DEBUG Polling gps
2016-08-09 19:26:01,882 12528 140261574407936      DEBUG Polling gps
2016-08-09 19:26:02,883 12528 140261574407936      DEBUG Polling gps
2016-08-09 19:26:03,884 12528 140261574407936      DEBUG Polling gps
2016-08-09 19:26:04,885 12528 140261574407936      DEBUG Polling gps
2016-08-09 19:26:05,886 12528 140261574407936      DEBUG Polling gps
2016-08-09 19:26:06,887 12528 140261574407936      DEBUG Polling gps
2016-08-09 19:26:07,888 12528 140261574407936      DEBUG Polling gps
2016-08-09 19:26:08,889 12528 140261574407936      DEBUG Polling gps
2016-08-09 19:26:09,890 12528 140261574407936      DEBUG Polling gps
2016-08-09 19:26:10,892 12528 140261574407936      DEBUG Polling gps
2016-08-09 19:26:11,893 12528 140261574407936      DEBUG Polling gps
2016-08-09 19:26:12,894 12528 140261574407936      DEBUG Polling gps
2016-08-09 19:26:13,895 12528 140261574407936      DEBUG Polling gps
2016-08-09 19:26:14,895 12528 140261574407936      DEBUG Polling gps
2016-08-09 19:26:15,896 12528 140261574407936      DEBUG Polling gps
2016-08-09 19:26:16,896 12528 140261574407936      DEBUG Polling gps
2016-08-09 19:26:17,897 12528 140261574407936      DEBUG Polling gps
2016-08-09 19:26:18,898 12528 140261574407936      DEBUG Polling gps
2016-08-09 19:26:19,899 12528 140261574407936      DEBUG Polling gps
2016-08-09 19:26:20,901 12528 140261574407936      DEBUG Polling gps
2016-08-09 19:26:21,902 12528 140261574407936      DEBUG Polling gps
2016-08-09 19:26:22,903 12528 140261574407936      DEBUG Polling gps
2016-08-09 19:26:23,904 12528 140261574407936      DEBUG Polling gps
2016-08-09 19:26:24,905 12528 140261574407936      DEBUG Polling gps
2016-08-09 19:26:25,906 12528 140261574407936      DEBUG Polling gps
2016-08-09 19:26:26,907 12528 140261574407936      DEBUG Polling gps
2016-08-09 19:26:27,908 12528 140261574407936      DEBUG Polling gps
2016-08-09 19:26:28,909 12528 140261574407936      DEBUG Polling gps
2016-08-09 19:26:29,910 12528 140261574407936      DEBUG Polling gps
2016-08-09 19:26:30,912 12528 140261574407936      DEBUG Polling gps
2016-08-09 19:26:31,913 12528 140261574407936      DEBUG Polling gps
2016-08-09 19:26:32,914 12528 140261574407936      DEBUG Polling gps
2016-08-09 19:26:33,915 12528 140261574407936      DEBUG Polling gps
2016-08-09 19:26:34,916 12528 140261574407936      DEBUG Polling gps
2016-08-09 19:26:35,917 12528 140261574407936      DEBUG Polling gps
2016-08-09 19:26:36,918 12528 140261574407936      DEBUG Polling gps
2016-08-09 19:26:37,919 12528 140261574407936      DEBUG Polling gps
2016-08-09 19:26:38,920 12528 140261574407936      DEBUG Polling gps
2016-08-09 19:26:39,921 12528 140261574407936      DEBUG Polling gps
2016-08-09 19:26:40,922 12528 140261574407936      DEBUG Polling gps
2016-08-09 19:26:41,924 12528 140261574407936      DEBUG Polling gps
2016-08-09 19:26:42,925 12528 140261574407936      DEBUG Polling gps
2016-08-09 19:26:43,925 12528 140261574407936      DEBUG Polling gps
2016-08-09 19:26:44,927 12528 140261574407936      DEBUG Polling gps
2016-08-09 19:26:45,928 12528 140261574407936      DEBUG Polling gps
2016-08-09 19:26:46,929 12528 140261574407936      DEBUG Polling gps
2016-08-09 19:26:47,930 12528 140261574407936      DEBUG Polling gps
2016-08-09 19:26:48,930 12528 140261574407936      DEBUG Polling gps
2016-08-09 19:26:49,931 12528 140261574407936      DEBUG Polling gps
2016-08-09 19:26:50,931 12528 140261574407936      DEBUG Polling gps
2016-08-09 19:26:51,932 12528 140261574407936      DEBUG Polling gps
2016-08-09 19:26:52,933 12528 140261574407936      DEBUG Polling gps
2016-08-09 19:26:53,934 12528 140261574407936      DEBUG Polling gps
2016-08-09 19:26:54,935 12528 140261574407936      DEBUG Polling gps
2016-08-09 19:26:55,936 12528 140261574407936      DEBUG Polling gps
2016-08-09 19:26:56,937 12528 140261574407936      DEBUG Polling gps
2016-08-09 19:26:57,938 12528 140261574407936      DEBUG Polling gps
2016-08-09 19:26:58,939 12528 140261574407936      DEBUG Polling gps
2016-08-09 19:26:59,940 12528 140261574407936      DEBUG Polling gps
2016-08-09 19:27:00,941 12528 140261574407936      DEBUG Polling gps
2016-08-09 19:27:01,942 12528 140261574407936      DEBUG Polling gps
2016-08-09 19:27:02,943 12528 140261574407936      DEBUG Polling gps
2016-08-09 19:27:03,944 12528 140261574407936      DEBUG Polling gps
2016-08-09 19:27:04,945 12528 140261574407936      DEBUG Polling gps
2016-08-09 19:27:05,946 12528 140261574407936      DEBUG Polling gps
2016-08-09 19:27:06,946 12528 140261574407936      DEBUG Polling gps
2016-08-09 19:27:07,947 12528 140261574407936      DEBUG Polling gps
2016-08-09 19:27:08,948 12528 140261574407936      DEBUG Polling gps
2016-08-09 19:27:09,949 12528 140261574407936      DEBUG Polling gps
2016-08-09 19:27:10,950 12528 140261574407936      DEBUG Polling gps
2016-08-09 19:27:11,951 12528 140261574407936      DEBUG Polling gps
2016-08-09 19:27:12,952 12528 140261574407936      DEBUG Polling gps
2016-08-09 19:27:13,953 12528 140261574407936      DEBUG Polling gps
2016-08-09 19:27:14,955 12528 140261574407936      DEBUG Polling gps
2016-08-09 19:27:15,956 12528 140261574407936      DEBUG Polling gps
2016-08-09 19:27:16,957 12528 140261574407936      DEBUG Polling gps
2016-08-09 19:27:17,958 12528 140261574407936      DEBUG Polling gps
2016-08-09 19:27:18,959 12528 140261574407936      DEBUG Polling gps
2016-08-09 19:27:19,960 12528 140261574407936      DEBUG Polling gps
2016-08-09 19:27:20,961 12528 140261574407936      DEBUG Polling gps
2016-08-09 19:27:21,962 12528 140261574407936      DEBUG Polling gps
2016-08-09 19:27:22,902 12542 140622675343104   CRITICAL ******** tau4 Sample App has started. ********
2016-08-09 19:27:22,902 12542 140622675343104       INFO Program has started with these args: '['/home/fgeiger/D.X/Projects/tau4/src/py3/src/tau4wx/main.py']'. 
2016-08-09 19:27:22,954 12542 140622675343104      DEBUG Connecting to gpsd socket at 127.0.0.1:2947
2016-08-09 19:27:22,955 12542 140622675343104      DEBUG Waiting for welcome message
2016-08-09 19:27:22,955 12542 140622675343104      DEBUG Enabling gps
2016-08-09 19:27:22,956 12542 140622356457216      DEBUG Polling gps
2016-08-09 19:27:23,957 12542 140622356457216      DEBUG Polling gps
2016-08-09 19:27:24,958 12542 140622356457216      DEBUG Polling gps
2016-08-09 19:27:25,959 12542 140622356457216      DEBUG Polling gps
2016-08-09 19:27:26,960 12542 140622356457216      DEBUG Polling gps
2016-08-09 19:27:27,961 12542 140622356457216      DEBUG Polling gps
2016-08-09 19:27:28,962 12542 140622356457216      DEBUG Polling gps
2016-08-09 19:27:29,963 12542 140622356457216      DEBUG Polling gps
2016-08-09 19:27:30,964 12542 140622356457216      DEBUG Polling gps
2016-08-09 19:27:31,965 12542 140622356457216      DEBUG Polling gps
2016-08-09 19:27:32,966 12542 140622356457216      DEBUG Polling gps
2016-08-09 19:27:33,967 12542 140622356457216      DEBUG Polling gps
2016-08-09 19:27:34,968 12542 140622356457216      DEBUG Polling gps
2016-08-09 19:27:35,969 12542 140622356457216      DEBUG Polling gps
2016-08-09 19:27:36,970 12542 140622356457216      DEBUG Polling gps
2016-08-09 19:27:37,971 12542 140622356457216      DEBUG Polling gps
2016-08-09 19:27:38,973 12542 140622356457216      DEBUG Polling gps
2016-08-09 19:27:39,973 12542 140622356457216      DEBUG Polling gps
2016-08-09 19:27:40,973 12542 140622356457216      DEBUG Polling gps
2016-08-09 19:27:41,973 12542 140622356457216      DEBUG Polling gps
2016-08-09 19:27:42,974 12542 140622356457216      DEBUG Polling gps
2016-08-09 19:27:43,976 12542 140622356457216      DEBUG Polling gps
2016-08-09 19:27:44,977 12542 140622356457216      DEBUG Polling gps
2016-08-09 19:27:45,978 12542 140622356457216      DEBUG Polling gps
2016-08-09 19:27:46,979 12542 140622356457216      DEBUG Polling gps
2016-08-09 19:27:47,979 12542 140622356457216      DEBUG Polling gps
2016-08-09 19:27:48,980 12542 140622356457216      DEBUG Polling gps
2016-08-09 19:27:49,981 12542 140622356457216      DEBUG Polling gps
2016-08-09 19:27:50,982 12542 140622356457216      DEBUG Polling gps
2016-08-09 19:27:51,983 12542 140622356457216      DEBUG Polling gps
2016-08-09 19:27:52,984 12542 140622356457216      DEBUG Polling gps
2016-08-09 19:27:53,985 12542 140622356457216      DEBUG Polling gps
2016-08-09 19:27:54,985 12542 140622356457216      DEBUG Polling gps
2016-08-09 19:27:55,986 12542 140622356457216      DEBUG Polling gps
2016-08-09 19:27:56,987 12542 140622356457216      DEBUG Polling gps
2016-08-09 19:27:57,988 12542 140622356457216      DEBUG Polling gps
2016-08-09 19:27:58,989 12542 140622356457216      DEBUG Polling gps
2016-08-09 19:27:59,991 12542 140622356457216      DEBUG Polling gps
2016-08-09 19:28:00,992 12542 140622356457216      DEBUG Polling gps
2016-08-09 19:28:01,993 12542 140622356457216      DEBUG Polling gps
2016-08-09 19:28:02,994 12542 140622356457216      DEBUG Polling gps
2016-08-09 19:28:03,995 12542 140622356457216      DEBUG Polling gps
2016-08-09 19:28:04,996 12542 140622356457216      DEBUG Polling gps
2016-08-09 19:28:05,996 12542 140622356457216      DEBUG Polling gps
2016-08-09 19:28:06,997 12542 140622356457216      DEBUG Polling gps
2016-08-09 19:28:07,998 12542 140622356457216      DEBUG Polling gps
2016-08-09 19:28:08,999 12542 140622356457216      DEBUG Polling gps
2016-08-09 19:28:10,001 12542 140622356457216      DEBUG Polling gps
2016-08-09 19:28:11,002 12542 140622356457216      DEBUG Polling gps
2016-08-09 19:28:12,003 12542 140622356457216      DEBUG Polling gps
2016-08-09 19:28:13,004 12542 140622356457216      DEBUG Polling gps
2016-08-09 19:28:14,005 12542 140622356457216      DEBUG Polling gps
2016-08-09 19:28:15,006 12542 140622356457216      DEBUG Polling gps
2016-08-09 19:28:16,007 12542 140622356457216      DEBUG Polling gps
2016-08-09 19:28:17,009 12542 140622356457216      DEBUG Polling gps
2016-08-09 19:28:18,010 12542 140622356457216      DEBUG Polling gps
2016-08-09 19:28:19,010 12542 140622356457216      DEBUG Polling gps
2016-08-09 19:28:20,011 12542 140622356457216      DEBUG Polling gps
2016-08-09 19:28:21,013 12542 140622356457216      DEBUG Polling gps
2016-08-09 19:28:22,014 12542 140622356457216      DEBUG Polling gps
2016-08-09 19:28:23,015 12542 140622356457216      DEBUG Polling gps
2016-08-09 19:28:24,015 12542 140622356457216      DEBUG Polling gps
2016-08-09 19:28:25,016 12542 140622356457216      DEBUG Polling gps
2016-08-09 19:28:26,017 12542 140622356457216      DEBUG Polling gps
2016-08-09 19:28:27,018 12542 140622356457216      DEBUG Polling gps
2016-08-09 19:28:28,019 12542 140622356457216      DEBUG Polling gps
2016-08-09 19:28:29,020 12542 140622356457216      DEBUG Polling gps
2016-08-09 19:28:30,022 12542 140622356457216      DEBUG Polling gps
2016-08-09 19:28:31,023 12542 140622356457216      DEBUG Polling gps
2016-08-09 19:28:32,023 12542 140622356457216      DEBUG Polling gps
2016-08-09 19:28:33,024 12542 140622356457216      DEBUG Polling gps
2016-08-09 19:28:34,025 12542 140622356457216      DEBUG Polling gps
2016-08-09 19:28:35,026 12542 140622356457216      DEBUG Polling gps
2016-08-09 19:28:36,027 12542 140622356457216      DEBUG Polling gps
2016-08-09 19:28:37,028 12542 140622356457216      DEBUG Polling gps
2016-08-09 19:28:38,029 12542 140622356457216      DEBUG Polling gps
2016-08-09 19:28:39,030 12542 140622356457216      DEBUG Polling gps
2016-08-09 19:28:40,031 12542 140622356457216      DEBUG Polling gps
2016-08-09 19:28:41,032 12542 140622356457216      DEBUG Polling gps
2016-08-09 19:28:42,033 12542 140622356457216      DEBUG Polling gps
2016-08-09 19:28:43,034 12542 140622356457216      DEBUG Polling gps
2016-08-09 19:28:44,036 12542 140622356457216      DEBUG Polling gps
2016-08-09 19:28:45,037 12542 140622356457216      DEBUG Polling gps
2016-08-09 19:28:46,037 12542 140622356457216      DEBUG Polling gps
2016-08-09 19:28:47,039 12542 140622356457216      DEBUG Polling gps
2016-08-09 19:28:48,040 12542 140622356457216      DEBUG Polling gps
2016-08-09 19:28:49,041 12542 140622356457216      DEBUG Polling gps
2016-08-09 19:28:50,041 12542 140622356457216      DEBUG Polling gps
2016-08-09 19:28:51,042 12542 140622356457216      DEBUG Polling gps
2016-08-09 19:28:52,043 12542 140622356457216      DEBUG Polling gps
2016-08-09 19:28:53,044 12542 140622356457216      DEBUG Polling gps
2016-08-09 19:28:54,045 12542 140622356457216      DEBUG Polling gps
2016-08-09 19:28:55,046 12542 140622356457216      DEBUG Polling gps
2016-08-09 19:28:56,047 12542 140622356457216      DEBUG Polling gps
2016-08-09 19:28:57,048 12542 140622356457216      DEBUG Polling gps
2016-08-09 19:28:58,049 12542 140622356457216      DEBUG Polling gps
2016-08-09 19:28:59,050 12542 140622356457216      DEBUG Polling gps
2016-08-09 19:29:00,051 12542 140622356457216      DEBUG Polling gps
2016-08-09 19:29:01,052 12542 140622356457216      DEBUG Polling gps
2016-08-09 19:29:02,053 12542 140622356457216      DEBUG Polling gps
2016-08-09 19:29:03,055 12542 140622356457216      DEBUG Polling gps
2016-08-09 19:29:04,056 12542 140622356457216      DEBUG Polling gps
2016-08-09 19:29:05,056 12542 140622356457216      DEBUG Polling gps
2016-08-09 19:29:06,057 12542 140622356457216      DEBUG Polling gps
2016-08-09 19:29:07,058 12542 140622356457216      DEBUG Polling gps
2016-08-09 19:29:08,059 12542 140622356457216      DEBUG Polling gps
2016-08-09 19:29:09,060 12542 140622356457216      DEBUG Polling gps
2016-08-09 19:29:10,061 12542 140622356457216      DEBUG Polling gps
2016-08-09 19:29:11,062 12542 140622356457216      DEBUG Polling gps
2016-08-09 19:29:12,063 12542 140622356457216      DEBUG Polling gps
2016-08-09 19:29:13,064 12542 140622356457216      DEBUG Polling gps
2016-08-09 19:29:14,065 12542 140622356457216      DEBUG Polling gps
2016-08-09 19:29:15,066 12542 140622356457216      DEBUG Polling gps
2016-08-09 19:29:16,068 12542 140622356457216      DEBUG Polling gps
2016-08-09 19:29:17,069 12542 140622356457216      DEBUG Polling gps
2016-08-09 19:29:18,070 12542 140622356457216      DEBUG Polling gps
2016-08-09 19:29:19,071 12542 140622356457216      DEBUG Polling gps
2016-08-09 19:29:20,072 12542 140622356457216      DEBUG Polling gps
2016-08-09 19:29:21,073 12542 140622356457216      DEBUG Polling gps
2016-08-09 19:29:22,074 12542 140622356457216      DEBUG Polling gps
2016-08-09 19:29:23,075 12542 140622356457216      DEBUG Polling gps
2016-08-09 19:29:24,076 12542 140622356457216      DEBUG Polling gps
2016-08-09 19:29:25,076 12542 140622356457216      DEBUG Polling gps
2016-08-09 19:29:26,078 12542 140622356457216      DEBUG Polling gps
2016-08-09 19:29:27,079 12542 140622356457216      DEBUG Polling gps
2016-08-09 19:29:28,080 12542 140622356457216      DEBUG Polling gps
2016-08-09 19:29:29,080 12542 140622356457216      DEBUG Polling gps
2016-08-09 19:29:30,081 12542 140622356457216      DEBUG Polling gps
2016-08-09 19:29:31,082 12542 140622356457216      DEBUG Polling gps
2016-08-09 19:29:32,083 12542 140622356457216      DEBUG Polling gps
2016-08-09 19:29:33,085 12542 140622356457216      DEBUG Polling gps
2016-08-09 19:29:34,086 12542 140622356457216      DEBUG Polling gps
2016-08-09 19:29:35,087 12542 140622356457216      DEBUG Polling gps
2016-08-09 19:29:36,088 12542 140622356457216      DEBUG Polling gps
2016-08-09 19:29:37,476 12554 139939900036864   CRITICAL ******** tau4 Sample App has started. ********
2016-08-09 19:29:37,476 12554 139939900036864       INFO Program has started with these args: '['/home/fgeiger/D.X/Projects/tau4/src/py3/src/tau4wx/main.py']'. 
2016-08-09 19:29:37,528 12554 139939900036864      DEBUG Connecting to gpsd socket at 127.0.0.1:2947
2016-08-09 19:29:37,529 12554 139939900036864      DEBUG Waiting for welcome message
2016-08-09 19:29:37,529 12554 139939900036864      DEBUG Enabling gps
2016-08-09 19:29:37,530 12554 139939581150976      DEBUG Polling gps
2016-08-09 19:29:38,532 12554 139939581150976      DEBUG Polling gps
2016-08-09 19:29:39,533 12554 139939581150976      DEBUG Polling gps
2016-08-09 19:29:40,534 12554 139939581150976      DEBUG Polling gps
2016-08-09 19:29:41,535 12554 139939581150976      DEBUG Polling gps
2016-08-09 19:29:42,536 12554 139939581150976      DEBUG Polling gps
2016-08-09 19:29:43,537 12554 139939581150976      DEBUG Polling gps
2016-08-09 19:29:44,537 12554 139939581150976      DEBUG Polling gps
2016-08-09 19:29:45,538 12554 139939581150976      DEBUG Polling gps
2016-08-09 19:29:46,539 12554 139939581150976      DEBUG Polling gps
2016-08-09 19:29:47,540 12554 139939581150976      DEBUG Polling gps
2016-08-09 19:29:48,541 12554 139939581150976      DEBUG Polling gps
2016-08-09 19:29:49,543 12554 139939581150976      DEBUG Polling gps
2016-08-09 19:29:50,544 12554 139939581150976      DEBUG Polling gps
2016-08-09 19:29:51,545 12554 139939581150976      DEBUG Polling gps
2016-08-09 19:29:52,546 12554 139939581150976      DEBUG Polling gps
2016-08-09 19:29:53,547 12554 139939581150976      DEBUG Polling gps
2016-08-09 19:29:54,548 12554 139939581150976      DEBUG Polling gps
2016-08-09 19:29:55,548 12554 139939581150976      DEBUG Polling gps
2016-08-09 19:29:56,549 12554 139939581150976      DEBUG Polling gps
2016-08-09 19:29:57,551 12554 139939581150976      DEBUG Polling gps
2016-08-09 19:29:58,552 12554 139939581150976      DEBUG Polling gps
2016-08-09 19:29:59,552 12554 139939581150976      DEBUG Polling gps
2016-08-09 19:30:00,553 12554 139939581150976      DEBUG Polling gps
2016-08-09 19:30:01,554 12554 139939581150976      DEBUG Polling gps
2016-08-09 19:30:02,555 12554 139939581150976      DEBUG Polling gps
2016-08-09 19:30:03,557 12554 139939581150976      DEBUG Polling gps
2016-08-09 19:30:04,558 12554 139939581150976      DEBUG Polling gps
2016-08-09 19:30:05,559 12554 139939581150976      DEBUG Polling gps
2016-08-09 19:30:06,559 12554 139939581150976      DEBUG Polling gps
2016-08-09 19:30:07,560 12554 139939581150976      DEBUG Polling gps
2016-08-09 19:30:08,561 12554 139939581150976      DEBUG Polling gps
2016-08-09 19:30:09,562 12554 139939581150976      DEBUG Polling gps
2016-08-09 19:30:10,563 12554 139939581150976      DEBUG Polling gps
2016-08-09 19:30:11,564 12554 139939581150976      DEBUG Polling gps
2016-08-09 19:30:12,565 12554 139939581150976      DEBUG Polling gps
2016-08-09 19:30:13,566 12554 139939581150976      DEBUG Polling gps
2016-08-09 19:30:14,567 12554 139939581150976      DEBUG Polling gps
2016-08-09 19:30:15,569 12554 139939581150976      DEBUG Polling gps
2016-08-09 19:30:16,570 12554 139939581150976      DEBUG Polling gps
2016-08-09 19:30:17,571 12554 139939581150976      DEBUG Polling gps
2016-08-09 19:30:18,572 12554 139939581150976      DEBUG Polling gps
2016-08-09 19:30:19,573 12554 139939581150976      DEBUG Polling gps
2016-08-09 19:30:20,573 12554 139939581150976      DEBUG Polling gps
2016-08-09 19:30:21,574 12554 139939581150976      DEBUG Polling gps
2016-08-09 19:30:22,575 12554 139939581150976      DEBUG Polling gps
2016-08-09 19:30:23,576 12554 139939581150976      DEBUG Polling gps
2016-08-09 19:30:24,577 12554 139939581150976      DEBUG Polling gps
2016-08-09 19:30:25,820 12559 140116611761920   CRITICAL ******** tau4 Sample App has started. ********
2016-08-09 19:30:25,820 12559 140116611761920       INFO Program has started with these args: '['/home/fgeiger/D.X/Projects/tau4/src/py3/src/tau4wx/main.py']'. 
2016-08-09 19:30:25,882 12559 140116611761920      DEBUG Connecting to gpsd socket at 127.0.0.1:2947
2016-08-09 19:30:25,883 12559 140116611761920      DEBUG Waiting for welcome message
2016-08-09 19:30:25,883 12559 140116611761920      DEBUG Enabling gps
2016-08-09 19:30:25,884 12559 140116292876032      DEBUG Polling gps
2016-08-09 19:30:26,885 12559 140116292876032      DEBUG Polling gps
2016-08-09 19:30:27,888 12559 140116292876032      DEBUG Polling gps
2016-08-09 19:30:28,889 12559 140116292876032      DEBUG Polling gps
2016-08-09 19:30:29,890 12559 140116292876032      DEBUG Polling gps
2016-08-09 19:30:30,891 12559 140116292876032      DEBUG Polling gps
2016-08-09 19:30:31,892 12559 140116292876032      DEBUG Polling gps
2016-08-09 19:30:32,893 12559 140116292876032      DEBUG Polling gps
2016-08-09 19:30:33,894 12559 140116292876032      DEBUG Polling gps
2016-08-09 19:30:34,895 12559 140116292876032      DEBUG Polling gps
2016-08-09 19:30:35,896 12559 140116292876032      DEBUG Polling gps
2016-08-09 19:30:36,897 12559 140116292876032      DEBUG Polling gps
2016-08-09 19:30:37,898 12559 140116292876032      DEBUG Polling gps
2016-08-09 19:30:38,899 12559 140116292876032      DEBUG Polling gps
2016-08-09 19:30:39,900 12559 140116292876032      DEBUG Polling gps
2016-08-09 19:30:40,902 12559 140116292876032      DEBUG Polling gps
2016-08-09 19:30:41,903 12559 140116292876032      DEBUG Polling gps
2016-08-09 19:30:42,904 12559 140116292876032      DEBUG Polling gps
2016-08-09 19:30:43,905 12559 140116292876032      DEBUG Polling gps
2016-08-09 19:30:44,906 12559 140116292876032      DEBUG Polling gps
2016-08-09 19:30:45,907 12559 140116292876032      DEBUG Polling gps
2016-08-09 19:30:46,908 12559 140116292876032      DEBUG Polling gps
2016-08-09 19:30:47,909 12559 140116292876032      DEBUG Polling gps
2016-08-09 19:30:48,910 12559 140116292876032      DEBUG Polling gps
2016-08-09 19:30:49,911 12559 140116292876032      DEBUG Polling gps
2016-08-09 19:30:50,912 12559 140116292876032      DEBUG Polling gps
2016-08-09 19:30:51,914 12559 140116292876032      DEBUG Polling gps
2016-08-09 19:30:52,915 12559 140116292876032      DEBUG Polling gps
2016-08-09 19:30:53,916 12559 140116292876032      DEBUG Polling gps
2016-08-09 19:30:54,917 12559 140116292876032      DEBUG Polling gps
2016-08-09 19:30:55,918 12559 140116292876032      DEBUG Polling gps
2016-08-09 19:30:56,919 12559 140116292876032      DEBUG Polling gps
2016-08-09 19:30:57,920 12559 140116292876032      DEBUG Polling gps
2016-08-09 19:30:58,921 12559 140116292876032      DEBUG Polling gps
2016-08-09 19:30:59,922 12559 140116292876032      DEBUG Polling gps
2016-08-09 19:31:00,923 12559 140116292876032      DEBUG Polling gps
2016-08-09 19:31:01,924 12559 140116292876032      DEBUG Polling gps
2016-08-09 19:31:02,925 12559 140116292876032      DEBUG Polling gps
2016-08-09 19:31:03,926 12559 140116292876032      DEBUG Polling gps
2016-08-09 19:31:04,927 12559 140116292876032      DEBUG Polling gps
2016-08-09 19:31:05,928 12559 140116292876032      DEBUG Polling gps
2016-08-09 19:31:06,929 12559 140116292876032      DEBUG Polling gps
2016-08-09 19:31:07,930 12559 140116292876032      DEBUG Polling gps
2016-08-09 19:31:15,973 12564 140272342652672   CRITICAL ******** tau4 Sample App has started. ********
2016-08-09 19:31:15,973 12564 140272342652672       INFO Program has started with these args: '['/home/fgeiger/D.X/Projects/tau4/src/py3/src/tau4wx/main.py']'. 
2016-08-09 19:31:16,022 12564 140272342652672      DEBUG Connecting to gpsd socket at 127.0.0.1:2947
2016-08-09 19:31:16,022 12564 140272342652672      DEBUG Waiting for welcome message
2016-08-09 19:31:16,022 12564 140272342652672      DEBUG Enabling gps
2016-08-09 19:31:16,023 12564 140271954163456      DEBUG Polling gps
2016-08-09 19:31:17,024 12564 140271954163456      DEBUG Polling gps
2016-08-09 19:31:18,026 12564 140271954163456      DEBUG Polling gps
2016-08-09 19:31:19,027 12564 140271954163456      DEBUG Polling gps
2016-08-09 19:31:20,028 12564 140271954163456      DEBUG Polling gps
2016-08-09 19:31:21,029 12564 140271954163456      DEBUG Polling gps
2016-08-09 19:31:22,030 12564 140271954163456      DEBUG Polling gps
2016-08-09 19:31:23,031 12564 140271954163456      DEBUG Polling gps
2016-08-09 19:31:24,032 12564 140271954163456      DEBUG Polling gps
2016-08-09 19:31:25,033 12564 140271954163456      DEBUG Polling gps
2016-08-09 19:31:26,034 12564 140271954163456      DEBUG Polling gps
2016-08-09 19:31:27,035 12564 140271954163456      DEBUG Polling gps
2016-08-09 19:31:28,036 12564 140271954163456      DEBUG Polling gps
2016-08-09 19:31:29,037 12564 140271954163456      DEBUG Polling gps
2016-08-09 19:31:30,038 12564 140271954163456      DEBUG Polling gps
2016-08-09 19:31:31,038 12564 140271954163456      DEBUG Polling gps
2016-08-09 19:31:32,039 12564 140271954163456      DEBUG Polling gps
2016-08-09 19:31:33,040 12564 140271954163456      DEBUG Polling gps
2016-08-09 19:31:34,042 12564 140271954163456      DEBUG Polling gps
2016-08-09 19:31:35,043 12564 140271954163456      DEBUG Polling gps
2016-08-09 19:31:36,044 12564 140271954163456      DEBUG Polling gps
2016-08-09 19:31:37,045 12564 140271954163456      DEBUG Polling gps
2016-08-09 19:31:38,046 12564 140271954163456      DEBUG Polling gps
2016-08-09 19:31:39,047 12564 140271954163456      DEBUG Polling gps
2016-08-09 19:31:40,048 12564 140271954163456      DEBUG Polling gps
2016-08-09 19:31:41,048 12564 140271954163456      DEBUG Polling gps
2016-08-09 19:31:42,049 12564 140271954163456      DEBUG Polling gps
2016-08-09 19:31:43,050 12564 140271954163456      DEBUG Polling gps
2016-08-09 19:31:44,050 12564 140271954163456      DEBUG Polling gps
2016-08-09 19:31:45,052 12564 140271954163456      DEBUG Polling gps
2016-08-09 19:31:46,053 12564 140271954163456      DEBUG Polling gps
2016-08-09 19:31:47,054 12564 140271954163456      DEBUG Polling gps
2016-08-09 19:31:48,055 12564 140271954163456      DEBUG Polling gps
2016-08-09 19:31:49,056 12564 140271954163456      DEBUG Polling gps
2016-08-09 19:31:50,057 12564 140271954163456      DEBUG Polling gps
2016-08-09 19:31:51,058 12564 140271954163456      DEBUG Polling gps
2016-08-09 19:31:52,059 12564 140271954163456      DEBUG Polling gps
2016-08-09 19:31:53,060 12564 140271954163456      DEBUG Polling gps
2016-08-09 19:31:54,061 12564 140271954163456      DEBUG Polling gps
2016-08-09 19:31:55,062 12564 140271954163456      DEBUG Polling gps
2016-08-09 19:31:56,062 12564 140271954163456      DEBUG Polling gps
2016-08-09 19:31:57,064 12564 140271954163456      DEBUG Polling gps
2016-08-09 19:31:58,065 12564 140271954163456      DEBUG Polling gps
2016-08-09 19:31:59,066 12564 140271954163456      DEBUG Polling gps
2016-08-09 19:32:00,067 12564 140271954163456      DEBUG Polling gps
2016-08-09 19:32:01,068 12564 140271954163456      DEBUG Polling gps
2016-08-09 19:32:02,069 12564 140271954163456      DEBUG Polling gps
2016-08-09 19:32:03,070 12564 140271954163456      DEBUG Polling gps
2016-08-09 19:32:04,071 12564 140271954163456      DEBUG Polling gps
2016-08-09 19:32:05,072 12564 140271954163456      DEBUG Polling gps
2016-08-09 19:32:06,073 12564 140271954163456      DEBUG Polling gps
2016-08-09 19:32:07,074 12564 140271954163456      DEBUG Polling gps
2016-08-09 19:32:08,076 12564 140271954163456      DEBUG Polling gps
2016-08-09 19:32:09,077 12564 140271954163456      DEBUG Polling gps
2016-08-09 19:32:10,078 12564 140271954163456      DEBUG Polling gps
2016-08-09 19:32:11,574 12571 139903319303936   CRITICAL ******** tau4 Sample App has started. ********
2016-08-09 19:32:11,574 12571 139903319303936       INFO Program has started with these args: '['/home/fgeiger/D.X/Projects/tau4/src/py3/src/tau4wx/main.py']'. 
2016-08-09 19:32:11,620 12571 139903319303936      DEBUG Connecting to gpsd socket at 127.0.0.1:2947
2016-08-09 19:32:11,620 12571 139903319303936      DEBUG Waiting for welcome message
2016-08-09 19:32:11,620 12571 139903319303936      DEBUG Enabling gps
2016-08-09 19:32:11,622 12571 139903000418048      DEBUG Polling gps
2016-08-09 19:32:12,623 12571 139903000418048      DEBUG Polling gps
2016-08-09 19:32:13,623 12571 139903000418048      DEBUG Polling gps
2016-08-09 19:32:14,624 12571 139903000418048      DEBUG Polling gps
2016-08-09 19:32:15,625 12571 139903000418048      DEBUG Polling gps
2016-08-09 19:32:16,626 12571 139903000418048      DEBUG Polling gps
2016-08-09 19:32:17,627 12571 139903000418048      DEBUG Polling gps
2016-08-09 19:32:18,628 12571 139903000418048      DEBUG Polling gps
2016-08-09 19:32:19,629 12571 139903000418048      DEBUG Polling gps
2016-08-09 19:32:20,630 12571 139903000418048      DEBUG Polling gps
2016-08-09 19:32:21,631 12571 139903000418048      DEBUG Polling gps
2016-08-09 19:32:22,632 12571 139903000418048      DEBUG Polling gps
2016-08-09 19:32:23,633 12571 139903000418048      DEBUG Polling gps
2016-08-09 19:32:24,634 12571 139903000418048      DEBUG Polling gps
2016-08-09 19:32:25,656 12576 140353433417472   CRITICAL ******** tau4 Sample App has started. ********
2016-08-09 19:32:25,656 12576 140353433417472       INFO Program has started with these args: '['/home/fgeiger/D.X/Projects/tau4/src/py3/src/tau4wx/main.py']'. 
2016-08-09 19:32:25,704 12576 140353433417472      DEBUG Connecting to gpsd socket at 127.0.0.1:2947
2016-08-09 19:32:25,705 12576 140353433417472      DEBUG Waiting for welcome message
2016-08-09 19:32:25,705 12576 140353433417472      DEBUG Enabling gps
2016-08-09 19:32:25,706 12576 140353114531584      DEBUG Polling gps
2016-08-09 19:32:26,706 12576 140353114531584      DEBUG Polling gps
2016-08-09 19:32:27,708 12576 140353114531584      DEBUG Polling gps
2016-08-09 19:32:28,709 12576 140353114531584      DEBUG Polling gps
2016-08-09 19:32:29,710 12576 140353114531584      DEBUG Polling gps
2016-08-09 19:32:30,711 12576 140353114531584      DEBUG Polling gps
2016-08-09 19:32:31,712 12576 140353114531584      DEBUG Polling gps
2016-08-09 19:32:32,713 12576 140353114531584      DEBUG Polling gps
2016-08-09 19:32:33,714 12576 140353114531584      DEBUG Polling gps
2016-08-09 19:32:34,715 12576 140353114531584      DEBUG Polling gps
2016-08-09 19:32:35,716 12576 140353114531584      DEBUG Polling gps
2016-08-09 19:32:36,717 12576 140353114531584      DEBUG Polling gps
2016-08-09 19:32:37,826 12582 140416147695360   CRITICAL ******** tau4 Sample App has started. ********
2016-08-09 19:32:37,826 12582 140416147695360       INFO Program has started with these args: '['/home/fgeiger/D.X/Projects/tau4/src/py3/src/tau4wx/main.py']'. 
2016-08-09 19:32:37,872 12582 140416147695360      DEBUG Connecting to gpsd socket at 127.0.0.1:2947
2016-08-09 19:32:37,873 12582 140416147695360      DEBUG Waiting for welcome message
2016-08-09 19:32:37,873 12582 140416147695360      DEBUG Enabling gps
2016-08-09 19:32:37,874 12582 140415828809472      DEBUG Polling gps
2016-08-09 19:32:38,875 12582 140415828809472      DEBUG Polling gps
2016-08-09 19:32:39,877 12582 140415828809472      DEBUG Polling gps
2016-08-09 19:32:40,878 12582 140415828809472      DEBUG Polling gps
2016-08-09 19:32:41,879 12582 140415828809472      DEBUG Polling gps
2016-08-09 19:32:42,879 12582 140415828809472      DEBUG Polling gps
2016-08-09 19:32:43,881 12582 140415828809472      DEBUG Polling gps
2016-08-09 19:32:44,882 12582 140415828809472      DEBUG Polling gps
2016-08-09 19:32:45,882 12582 140415828809472      DEBUG Polling gps
2016-08-09 19:32:46,883 12582 140415828809472      DEBUG Polling gps
2016-08-09 19:32:47,884 12582 140415828809472      DEBUG Polling gps
2016-08-09 19:32:48,885 12582 140415828809472      DEBUG Polling gps
2016-08-09 19:32:49,886 12582 140415828809472      DEBUG Polling gps
2016-08-09 19:32:50,887 12582 140415828809472      DEBUG Polling gps
2016-08-09 19:32:51,888 12582 140415828809472      DEBUG Polling gps
2016-08-09 19:32:52,889 12582 140415828809472      DEBUG Polling gps
2016-08-09 19:32:53,890 12582 140415828809472      DEBUG Polling gps
2016-08-09 19:32:54,891 12582 140415828809472      DEBUG Polling gps
2016-08-09 19:32:55,892 12582 140415828809472      DEBUG Polling gps
2016-08-09 19:32:56,893 12582 140415828809472      DEBUG Polling gps
2016-08-09 19:32:57,894 12582 140415828809472      DEBUG Polling gps
2016-08-09 19:32:58,895 12582 140415828809472      DEBUG Polling gps
2016-08-09 19:32:59,896 12582 140415828809472      DEBUG Polling gps
2016-08-09 19:33:00,897 12582 140415828809472      DEBUG Polling gps
2016-08-09 19:33:01,898 12582 140415828809472      DEBUG Polling gps
2016-08-09 19:33:02,899 12582 140415828809472      DEBUG Polling gps
2016-08-09 19:33:03,900 12582 140415828809472      DEBUG Polling gps
2016-08-09 19:33:04,901 12582 140415828809472      DEBUG Polling gps
2016-08-09 19:33:05,902 12582 140415828809472      DEBUG Polling gps
2016-08-09 19:33:06,903 12582 140415828809472      DEBUG Polling gps
2016-08-09 19:33:07,904 12582 140415828809472      DEBUG Polling gps
2016-08-09 19:33:08,905 12582 140415828809472      DEBUG Polling gps
2016-08-09 19:33:09,906 12582 140415828809472      DEBUG Polling gps
2016-08-09 19:33:10,907 12582 140415828809472      DEBUG Polling gps
2016-08-09 19:33:11,909 12582 140415828809472      DEBUG Polling gps
2016-08-09 19:33:12,910 12582 140415828809472      DEBUG Polling gps
2016-08-09 19:33:13,911 12582 140415828809472      DEBUG Polling gps
2016-08-09 19:33:14,912 12582 140415828809472      DEBUG Polling gps
2016-08-09 19:33:15,913 12582 140415828809472      DEBUG Polling gps
2016-08-09 19:33:16,914 12582 140415828809472      DEBUG Polling gps
2016-08-09 19:33:17,914 12582 140415828809472      DEBUG Polling gps
2016-08-09 19:33:18,916 12582 140415828809472      DEBUG Polling gps
2016-08-09 19:33:19,917 12582 140415828809472      DEBUG Polling gps
2016-08-09 19:33:20,918 12582 140415828809472      DEBUG Polling gps
2016-08-09 19:33:21,918 12582 140415828809472      DEBUG Polling gps
2016-08-09 19:33:22,919 12582 140415828809472      DEBUG Polling gps
2016-08-09 19:33:23,920 12582 140415828809472      DEBUG Polling gps
2016-08-09 19:33:24,921 12582 140415828809472      DEBUG Polling gps
2016-08-09 19:33:25,922 12582 140415828809472      DEBUG Polling gps
2016-08-09 19:33:26,923 12582 140415828809472      DEBUG Polling gps
2016-08-09 19:33:27,924 12582 140415828809472      DEBUG Polling gps
2016-08-09 19:33:28,925 12582 140415828809472      DEBUG Polling gps
2016-08-09 19:33:29,926 12582 140415828809472      DEBUG Polling gps
2016-08-09 19:33:30,926 12582 140415828809472      DEBUG Polling gps
2016-08-09 19:33:31,927 12582 140415828809472      DEBUG Polling gps
2016-08-09 19:33:32,928 12582 140415828809472      DEBUG Polling gps
2016-08-09 19:33:33,929 12582 140415828809472      DEBUG Polling gps
2016-08-09 19:33:34,930 12582 140415828809472      DEBUG Polling gps
2016-08-09 19:33:35,931 12582 140415828809472      DEBUG Polling gps
2016-08-09 19:33:36,932 12582 140415828809472      DEBUG Polling gps
2016-08-09 19:33:37,933 12582 140415828809472      DEBUG Polling gps
2016-08-09 19:33:38,934 12582 140415828809472      DEBUG Polling gps
2016-08-09 19:33:39,935 12582 140415828809472      DEBUG Polling gps
2016-08-09 19:33:40,936 12582 140415828809472      DEBUG Polling gps
2016-08-09 19:33:41,937 12582 140415828809472      DEBUG Polling gps
2016-08-09 19:33:42,938 12582 140415828809472      DEBUG Polling gps
2016-08-09 19:33:43,939 12582 140415828809472      DEBUG Polling gps
2016-08-09 19:33:44,940 12582 140415828809472      DEBUG Polling gps
2016-08-09 19:34:08,498 12593 139713819248384   CRITICAL ******** tau4 Sample App has started. ********
2016-08-09 19:34:08,498 12593 139713819248384       INFO Program has started with these args: '['/home/fgeiger/D.X/Projects/tau4/src/py3/src/tau4wx/main.py']'. 
2016-08-09 19:34:08,542 12593 139713819248384      DEBUG Connecting to gpsd socket at 127.0.0.1:2947
2016-08-09 19:34:08,543 12593 139713819248384      DEBUG Waiting for welcome message
2016-08-09 19:34:08,543 12593 139713819248384      DEBUG Enabling gps
2016-08-09 19:34:08,545 12593 139713500362496      DEBUG Polling gps
2016-08-09 19:34:09,546 12593 139713500362496      DEBUG Polling gps
2016-08-09 19:34:10,547 12593 139713500362496      DEBUG Polling gps
2016-08-09 19:34:11,548 12593 139713500362496      DEBUG Polling gps
2016-08-09 19:34:12,548 12593 139713500362496      DEBUG Polling gps
2016-08-09 19:34:13,549 12593 139713500362496      DEBUG Polling gps
2016-08-09 19:34:14,551 12593 139713500362496      DEBUG Polling gps
2016-08-09 19:34:15,552 12593 139713500362496      DEBUG Polling gps
2016-08-09 19:34:16,553 12593 139713500362496      DEBUG Polling gps
2016-08-09 19:34:17,554 12593 139713500362496      DEBUG Polling gps
2016-08-09 19:34:18,555 12593 139713500362496      DEBUG Polling gps
2016-08-09 19:34:19,556 12593 139713500362496      DEBUG Polling gps
2016-08-09 19:34:20,557 12593 139713500362496      DEBUG Polling gps
2016-08-09 19:34:21,558 12593 139713500362496      DEBUG Polling gps
2016-08-09 19:34:22,559 12593 139713500362496      DEBUG Polling gps
2016-08-10 09:38:24,574 14572 139751425697536   CRITICAL ******** tau4 Sample App has started. ********
2016-08-10 09:38:24,574 14572 139751425697536       INFO Program has started with these args: '['/home/fgeiger/D.X/Projects/tau4/src/py3/src/tau4wx/main.py']'. 
2016-08-10 09:38:24,617 14572 139751425697536      DEBUG Connecting to gpsd socket at 127.0.0.1:2947
2016-08-10 09:38:24,617 14572 139751425697536      DEBUG Waiting for welcome message
2016-08-10 09:38:24,618 14572 139751425697536      DEBUG Enabling gps
2016-08-10 09:38:24,619 14572 139751106811648      DEBUG Polling gps
2016-08-10 09:38:25,620 14572 139751106811648      DEBUG Polling gps
2016-08-10 09:38:26,621 14572 139751106811648      DEBUG Polling gps
2016-08-10 09:38:27,622 14572 139751106811648      DEBUG Polling gps
2016-08-22 21:45:40,099 4994 140426690790400   CRITICAL ******** tau4 Sample App has started. ********
2016-08-22 21:45:40,100 4994 140426690790400       INFO Program has started with these args: '['/home/fgeiger/D.X/Projects/tau4/src/py3/src/wxp/main.py']'. 
2016-08-22 21:45:40,155 4994 140426690790400      DEBUG Connecting to gpsd socket at 127.0.0.1:2947
2016-08-23 07:44:44,467 7079 140230059631616   CRITICAL ******** tau4 Sample App has started. ********
2016-08-23 07:44:44,467 7079 140230059631616       INFO Program has started with these args: '['/home/fgeiger/D.X/Projects/tau4/src/py3/src/wxp/main.py']'. 
2016-08-23 07:44:44,510 7079 140230059631616      DEBUG Connecting to gpsd socket at 127.0.0.1:2947
2016-08-26 17:47:32,496 1226 140509540713472   CRITICAL ******** tau4 Sample App has started. ********
2016-08-26 17:47:32,497 1226 140509540713472       INFO Program has started with these args: '['/home/fgeiger/D.X/Projects/tau4/src/py3/src/wxp/main.py']'. 
2016-08-26 17:47:32,539 1226 140509540713472      DEBUG Connecting to gpsd socket at 127.0.0.1:2947
2016-08-26 17:48:42,531 1238 139726267335680   CRITICAL ******** tau4 Sample App has started. ********
2016-08-26 17:48:42,531 1238 139726267335680       INFO Program has started with these args: '['/home/fgeiger/D.X/Projects/tau4/src/py3/src/wxp/main.py']'. 
2016-08-26 17:48:42,573 1238 139726267335680      DEBUG Connecting to gpsd socket at 127.0.0.1:2947
2016-12-13 18:48:40,413 8807 140540906013696   CRITICAL ******** tau4 Sample App has started. ********
2016-12-13 18:48:40,414 8807 140540906013696       INFO Program has started with these args: '['/home/fgeiger/projects/tau4/src/py3/src/wxp/main.py']'. 
2016-12-13 18:48:40,455 8807 140540906013696      DEBUG Connecting to gpsd socket at 127.0.0.1:2947
